android/app/build/outputs/mapping/release/mapping.txt
# compiler: R8
# compiler_version: 1.5.68
# min_api: 16
# pg_map_id: 0cbf3b2
com.fundguard.MainActivity -> com.fundguard.MainActivity:
    com.facebook.react.ReactActivityDelegate createReactActivityDelegate() -> o
    java.lang.String getMainComponentName() -> p
com.fundguard.MainActivity$1 -> com.fundguard.MainActivity$a:
    com.fundguard.MainActivity this$0 -> f
    com.facebook.react.ReactRootView createRootView() -> a
com.fundguard.MainApplication -> com.fundguard.MainApplication:
    com.facebook.react.ReactNativeHost mReactNativeHost -> b
    com.facebook.react.ReactNativeHost getReactNativeHost() -> a
    void initializeFlipper(android.content.Context) -> a
com.fundguard.MainApplication$1 -> com.fundguard.MainApplication$a:
    java.lang.String getJSMainModuleName() -> e
    java.util.List getPackages() -> g
    boolean getUseDeveloperSupport() -> k
...
com.facebook.react.uimanager.events.EventDispatcher$DispatchEventsRunnable -> com.facebook.react.uimanager.events.c$c:
    com.facebook.react.uimanager.events.EventDispatcher this$0 -> b
com.facebook.react.uimanager.events.EventDispatcher$ScheduleDispatchFrameCallback -> com.facebook.react.uimanager.events.c$d:
    com.facebook.react.uimanager.events.EventDispatcher this$0 -> d
    boolean mIsPosted -> b
    boolean mShouldStop -> c
    void doFrame(long) -> a
    void maybePost() -> b
    void maybePostFromNonUI() -> c
    void stop() -> d
    void post() -> e
com.facebook.react.uimanager.events.EventDispatcher$ScheduleDispatchFrameCallback$1 -> com.facebook.react.uimanager.events.c$d$a:
    com.facebook.react.uimanager.events.EventDispatcher$ScheduleDispatchFrameCallback this$1 -> b
com.facebook.react.uimanager.events.EventDispatcherListener -> com.facebook.react.uimanager.events.d:
    void onEventDispatch(com.facebook.react.uimanager.events.Event) -> a
com.facebook.react.uimanager.events.NativeGestureUtil -> com.facebook.react.uimanager.events.e:
    void notifyNativeGestureStarted(android.view.View,android.view.MotionEvent) -> a
com.facebook.react.uimanager.events.TouchEvent -> com.facebook.react.uimanager.events.f:
    short mCoalescingKey -> h
    float mViewY -> j
    float mViewX -> i
    com.facebook.react.uimanager.events.TouchEventType mTouchEventType -> g
    android.view.MotionEvent mMotionEvent -> f
    androidx.core.util.Pools$SynchronizedPool EVENTS_POOL -> k
    boolean canCoalesce() -> a
    void dispatch(com.facebook.react.uimanager.events.RCTEventEmitter) -> a
    void init(int,com.facebook.react.uimanager.events.TouchEventType,android.view.MotionEvent,long,float,float,com.facebook.react.uimanager.events.TouchEventCoalescingKeyHelper) -> a
    com.facebook.react.uimanager.events.TouchEvent obtain(int,com.facebook.react.uimanager.events.TouchEventType,android.view.MotionEvent,long,float,float,com.facebook.react.uimanager.events.TouchEventCoalescingKeyHelper) -> b
    short getCoalescingKey() -> c
    java.lang.String getEventName() -> d
    void onDispose() -> i
    android.view.MotionEvent getMotionEvent() -> j
    float getViewX() -> k
    float getViewY() -> l
com.facebook.react.uimanager.events.TouchEvent$1 -> com.facebook.react.uimanager.events.f$a:
    int[] $SwitchMap$com$facebook$react$uimanager$events$TouchEventType -> a
com.facebook.react.uimanager.events.TouchEventCoalescingKeyHelper -> com.facebook.react.uimanager.events.g:
    android.util.SparseIntArray mDownTimeToCoalescingKey -> a
    void addCoalescingKey(long) -> a
    short getCoalescingKey(long) -> b
    boolean hasCoalescingKey(long) -> c
    void incrementCoalescingKey(long) -> d
    void removeCoalescingKey(long) -> e
com.facebook.react.uimanager.events.TouchEventType -> com.facebook.react.uimanager.events.h:
    com.facebook.react.uimanager.events.TouchEventType CANCEL -> e
    com.facebook.react.uimanager.events.TouchEventType MOVE -> d
    com.facebook.react.uimanager.events.TouchEventType END -> c
    com.facebook.react.uimanager.events.TouchEventType START -> b
    com.facebook.react.uimanager.events.TouchEventType[] $VALUES -> f
    java.lang.String getJSEventName(com.facebook.react.uimanager.events.TouchEventType) -> a
com.facebook.react.uimanager.events.TouchEventType$1 -> com.facebook.react.uimanager.events.h$a:
    int[] $SwitchMap$com$facebook$react$uimanager$events$TouchEventType -> a
com.facebook.react.uimanager.events.TouchesHelper -> com.facebook.react.uimanager.events.i:
    com.facebook.react.bridge.WritableArray createsPointersArray(int,com.facebook.react.uimanager.events.TouchEvent) -> a
    void sendTouchEvent(com.facebook.react.uimanager.events.RCTEventEmitter,com.facebook.react.uimanager.events.TouchEventType,int,com.facebook.react.uimanager.events.TouchEvent) -> a